<?xml version="1.0" encoding="UTF-8"?>
<testsuites name="Suites 1" time="147.115" tests="3" failures="0" errors="0">
   <testsuite name="Suites 1" tests="3" failures="0" errors="0" time="147.115" skipped="0" timestamp="14-02-2024T17:07:39" hostname="skyne - SKYNETICJ-0VA" id="Test Suites/Suites 1">
      <properties>
         <property name="deviceName" value="realme RMX3572 (Android 13)"/>
         <property name="devicePlatform" value=""/>
         <property name="logFolder" value="C:\\Users\\skyne\\git\\Katalon-FinalMobile-MuhammadRhayhanAkbar\\Reports\\20240214_170735\\Suites 1\\20240214_170735"/>
         <property name="logFiles" value="C:\\Users\\skyne\\git\\Katalon-FinalMobile-MuhammadRhayhanAkbar\\Reports\\20240214_170735\\Suites 1\\20240214_170735\\appium.log, C:\\Users\\skyne\\git\\Katalon-FinalMobile-MuhammadRhayhanAkbar\\Reports\\20240214_170735\\Suites 1\\20240214_170735\\appium_error.log, C:\\Users\\skyne\\git\\Katalon-FinalMobile-MuhammadRhayhanAkbar\\Reports\\20240214_170735\\Suites 1\\20240214_170735\\execution0.log"/>
         <property name="attachments" value=""/>
         <property name="hostName" value="skyne - SKYNETICJ-0VA"/>
         <property name="os" value="Windows 11 64bit"/>
         <property name="appiumServerStatus" value="{&quot;value&quot;:{&quot;ready&quot;:true,&quot;message&quot;:&quot;The server is ready to accept new connections&quot;,&quot;build&quot;:{&quot;version&quot;:&quot;2.5.0&quot;}}}"/>
         <property name="katalonVersion" value="9.2.0.212"/>
         <property name="deviceOS" value="Android"/>
         <property name="appiumVersion" value="2.5.0"/>
         <property name="deviceModel" value="RMX3572"/>
         <property name="hostAddress" value="192.168.0.104"/>
         <property name="deviceManufacturer" value="realme"/>
         <property name="deviceId" value="DQROLNJZNNVKEUDI"/>
         <property name="deviceName" value="realme RMX3572 (Android 13)"/>
         <property name="deviceOSVersion" value="13"/>
      </properties>
      <testcase name="Test Cases/TC 1 - Login" time="49.348" classname="Test Cases/TC 1 - Login" status="PASSED">
         <system-out><![CDATA[14-02-2024T17:07:39 - [TEST_CASE][PASSED] - Test Cases/TC 1 - Login: Test Cases/TC 1 - Login

14-02-2024T17:07:40 - [TEST_STEP][PASSED] - startApplication("C:\Users\skyne\Documents\1. BRI\Bootcampt\Automation\Shop\Advantage+demo+3.2.apk", true): Started app at: 'C:\Users\skyne\Documents\1. BRI\Bootcampt\Automation\Shop\Advantage+demo+3.2.apk'

14-02-2024T17:07:40 - [MESSAGE][INFO] - Detected NodeJS location: "C:\Program Files\nodejs\node.exe"

14-02-2024T17:07:45 - [MESSAGE][INFO] - PATH: C:\Program Files\nodejs;

14-02-2024T17:07:45 - [MESSAGE][INFO] - APPIUM_HOME: C:\Users\skyne\.appium

14-02-2024T17:07:45 - [MESSAGE][INFO] - appium outlog: C:\Users\skyne\git\Katalon-FinalMobile-MuhammadRhayhanAkbar\Reports\20240214_170735\Suites 1\20240214_170735\appium.log

14-02-2024T17:07:45 - [MESSAGE][INFO] - appium errlog: C:\Users\skyne\git\Katalon-FinalMobile-MuhammadRhayhanAkbar\Reports\20240214_170735\Suites 1\20240214_170735\appium_error.log

14-02-2024T17:07:48 - [MESSAGE][INFO] - Appium server started on port 14,658

14-02-2024T17:08:01 - [MESSAGE][PASSED] - Started app at: 'C:\Users\skyne\Documents\1. BRI\Bootcampt\Automation\Shop\Advantage+demo+3.2.apk'

14-02-2024T17:08:01 - [TEST_STEP][PASSED] - tap(findTestObject("Object Repository/TC 1 - Login/android.widget.ImageView"), 0): Tapped on element 'Object Repository/TC 1 - Login/android.widget.ImageView'

14-02-2024T17:08:01 - [MESSAGE][WARNING] - Timeout '0' is invalid. Using default page load timeout: '30'

14-02-2024T17:08:04 - [MESSAGE][PASSED] - Tapped on element 'Object Repository/TC 1 - Login/android.widget.ImageView'

14-02-2024T17:08:04 - [TEST_STEP][PASSED] - tap(findTestObject("Object Repository/TC 1 - Login/android.widget.LinearLayout"), 0): Tapped on element 'Object Repository/TC 1 - Login/android.widget.LinearLayout'

14-02-2024T17:08:04 - [MESSAGE][WARNING] - Timeout '0' is invalid. Using default page load timeout: '30'

14-02-2024T17:08:05 - [MESSAGE][PASSED] - Tapped on element 'Object Repository/TC 1 - Login/android.widget.LinearLayout'

14-02-2024T17:08:05 - [TEST_STEP][PASSED] - setText(findTestObject("TC 1 - Login/android.widget.RelativeLayoutUsername"), username, 0): Text 'nicehsk' has been set to element 'Object Repository/TC 1 - Login/android.widget.RelativeLayoutUsername'

14-02-2024T17:08:05 - [MESSAGE][WARNING] - Timeout '0' is invalid. Using default page load timeout: '30'

14-02-2024T17:08:09 - [MESSAGE][PASSED] - Text 'nicehsk' has been set to element 'Object Repository/TC 1 - Login/android.widget.RelativeLayoutUsername'

14-02-2024T17:08:09 - [TEST_STEP][PASSED] - setText(findTestObject("TC 1 - Login/android.widget.RelativeLayoutPW"), password, 0): Text 'Bumblebee1' has been set to element 'Object Repository/TC 1 - Login/android.widget.RelativeLayoutPW'

14-02-2024T17:08:09 - [MESSAGE][WARNING] - Timeout '0' is invalid. Using default page load timeout: '30'

14-02-2024T17:08:12 - [MESSAGE][PASSED] - Text 'Bumblebee1' has been set to element 'Object Repository/TC 1 - Login/android.widget.RelativeLayoutPW'

14-02-2024T17:08:12 - [TEST_STEP][PASSED] - tap(findTestObject("Object Repository/TC 1 - Login/android.widget.Button - LOGIN"), 0): Tapped on element 'Object Repository/TC 1 - Login/android.widget.Button - LOGIN'

14-02-2024T17:08:12 - [MESSAGE][WARNING] - Timeout '0' is invalid. Using default page load timeout: '30'

14-02-2024T17:08:15 - [MESSAGE][PASSED] - Tapped on element 'Object Repository/TC 1 - Login/android.widget.Button - LOGIN'

14-02-2024T17:08:15 - [TEST_STEP][PASSED] - if (isValid == "true"): Close app successfully

14-02-2024T17:08:15 - [TEST_STEP][PASSED] - tap(findTestObject("Object Repository/TC 1 - Login/android.widget.Button - NO"), 0): Tapped on element 'Object Repository/TC 1 - Login/android.widget.Button - NO'

14-02-2024T17:08:15 - [MESSAGE][WARNING] - Timeout '0' is invalid. Using default page load timeout: '30'

14-02-2024T17:08:17 - [MESSAGE][PASSED] - Tapped on element 'Object Repository/TC 1 - Login/android.widget.Button - NO'

14-02-2024T17:08:17 - [TEST_STEP][PASSED] - tap(findTestObject("Object Repository/TC 1 - Login/android.widget.ImageView"), 0): Tapped on element 'Object Repository/TC 1 - Login/android.widget.ImageView'

14-02-2024T17:08:17 - [MESSAGE][WARNING] - Timeout '0' is invalid. Using default page load timeout: '30'

14-02-2024T17:08:20 - [MESSAGE][PASSED] - Tapped on element 'Object Repository/TC 1 - Login/android.widget.ImageView'

14-02-2024T17:08:20 - [TEST_STEP][PASSED] - namaUser = getText(findTestObject("Object Repository/TC 1 - Login/android.widget.TextView - nicehsk"), 0): Text of element 'Object Repository/TC 1 - Login/android.widget.TextView - nicehsk' is: 'nicehsk'

14-02-2024T17:08:20 - [MESSAGE][WARNING] - Timeout '0' is invalid. Using default page load timeout: '30'

14-02-2024T17:08:21 - [MESSAGE][PASSED] - Text of element 'Object Repository/TC 1 - Login/android.widget.TextView - nicehsk' is: 'nicehsk'

14-02-2024T17:08:21 - [TEST_STEP][PASSED] - verifyElementText(findTestObject("TC 1 - Login/android.widget.TextView - nicehsk"), username): Actual text and expected text of test object 'Object Repository/TC 1 - Login/android.widget.TextView - nicehsk' are matched.

14-02-2024T17:08:22 - [MESSAGE][PASSED] - Actual text and expected text of test object 'Object Repository/TC 1 - Login/android.widget.TextView - nicehsk' are matched.

14-02-2024T17:08:22 - [TEST_STEP][PASSED] - tap(findTestObject("Object Repository/TC 1 - Login/android.widget.TextView - SIGN OUT"), 0): Tapped on element 'Object Repository/TC 1 - Login/android.widget.TextView - SIGN OUT'

14-02-2024T17:08:22 - [MESSAGE][WARNING] - Timeout '0' is invalid. Using default page load timeout: '30'

14-02-2024T17:08:23 - [MESSAGE][PASSED] - Tapped on element 'Object Repository/TC 1 - Login/android.widget.TextView - SIGN OUT'

14-02-2024T17:08:24 - [TEST_STEP][PASSED] - tap(findTestObject("Object Repository/TC 1 - Login/android.widget.Button - YES"), 0): Tapped on element 'Object Repository/TC 1 - Login/android.widget.Button - YES'

14-02-2024T17:08:24 - [MESSAGE][WARNING] - Timeout '0' is invalid. Using default page load timeout: '30'

14-02-2024T17:08:25 - [MESSAGE][PASSED] - Tapped on element 'Object Repository/TC 1 - Login/android.widget.Button - YES'

14-02-2024T17:08:25 - [TEST_STEP][PASSED] - closeApplication(): Close app successfully

14-02-2024T17:08:26 - [MESSAGE][PASSED] - Close app successfully

14-02-2024T17:08:28 - [TEST_STEP][PASSED] - Video: Video recording for test case 'Test Cases/TC 1 - Login' .

14-02-2024T17:08:28 - [MESSAGE][INFO] - Video recording for test case 'Test Cases/TC 1 - Login' .]]></system-out>
         <system-err><![CDATA[]]></system-err>
      </testcase>
      <testcase name="Test Cases/TC 1 - Login" time="37.5" classname="Test Cases/TC 1 - Login" status="PASSED">
         <system-out><![CDATA[14-02-2024T17:08:28 - [TEST_CASE][PASSED] - Test Cases/TC 1 - Login: Test Cases/TC 1 - Login

14-02-2024T17:08:28 - [TEST_STEP][PASSED] - startApplication("C:\Users\skyne\Documents\1. BRI\Bootcampt\Automation\Shop\Advantage+demo+3.2.apk", true): Started app at: 'C:\Users\skyne\Documents\1. BRI\Bootcampt\Automation\Shop\Advantage+demo+3.2.apk'

14-02-2024T17:08:29 - [MESSAGE][INFO] - Detected NodeJS location: "C:\Program Files\nodejs\node.exe"

14-02-2024T17:08:34 - [MESSAGE][INFO] - PATH: C:\Program Files\nodejs;

14-02-2024T17:08:34 - [MESSAGE][INFO] - APPIUM_HOME: C:\Users\skyne\.appium

14-02-2024T17:08:34 - [MESSAGE][INFO] - appium outlog: C:\Users\skyne\git\Katalon-FinalMobile-MuhammadRhayhanAkbar\Reports\20240214_170735\Suites 1\20240214_170735\appium.log

14-02-2024T17:08:34 - [MESSAGE][INFO] - appium errlog: C:\Users\skyne\git\Katalon-FinalMobile-MuhammadRhayhanAkbar\Reports\20240214_170735\Suites 1\20240214_170735\appium_error.log

14-02-2024T17:08:36 - [MESSAGE][INFO] - Appium server started on port 14,918

14-02-2024T17:08:46 - [MESSAGE][PASSED] - Started app at: 'C:\Users\skyne\Documents\1. BRI\Bootcampt\Automation\Shop\Advantage+demo+3.2.apk'

14-02-2024T17:08:46 - [TEST_STEP][PASSED] - tap(findTestObject("Object Repository/TC 1 - Login/android.widget.ImageView"), 0): Tapped on element 'Object Repository/TC 1 - Login/android.widget.ImageView'

14-02-2024T17:08:46 - [MESSAGE][WARNING] - Timeout '0' is invalid. Using default page load timeout: '30'

14-02-2024T17:08:49 - [MESSAGE][PASSED] - Tapped on element 'Object Repository/TC 1 - Login/android.widget.ImageView'

14-02-2024T17:08:49 - [TEST_STEP][PASSED] - tap(findTestObject("Object Repository/TC 1 - Login/android.widget.LinearLayout"), 0): Tapped on element 'Object Repository/TC 1 - Login/android.widget.LinearLayout'

14-02-2024T17:08:49 - [MESSAGE][WARNING] - Timeout '0' is invalid. Using default page load timeout: '30'

14-02-2024T17:08:50 - [MESSAGE][PASSED] - Tapped on element 'Object Repository/TC 1 - Login/android.widget.LinearLayout'

14-02-2024T17:08:50 - [TEST_STEP][PASSED] - setText(findTestObject("TC 1 - Login/android.widget.RelativeLayoutUsername"), username, 0): Text 'nicehsk' has been set to element 'Object Repository/TC 1 - Login/android.widget.RelativeLayoutUsername'

14-02-2024T17:08:50 - [MESSAGE][WARNING] - Timeout '0' is invalid. Using default page load timeout: '30'

14-02-2024T17:08:56 - [MESSAGE][PASSED] - Text 'nicehsk' has been set to element 'Object Repository/TC 1 - Login/android.widget.RelativeLayoutUsername'

14-02-2024T17:08:56 - [TEST_STEP][PASSED] - setText(findTestObject("TC 1 - Login/android.widget.RelativeLayoutPW"), password, 0): Text 'Test1' has been set to element 'Object Repository/TC 1 - Login/android.widget.RelativeLayoutPW'

14-02-2024T17:08:56 - [MESSAGE][WARNING] - Timeout '0' is invalid. Using default page load timeout: '30'

14-02-2024T17:08:59 - [MESSAGE][PASSED] - Text 'Test1' has been set to element 'Object Repository/TC 1 - Login/android.widget.RelativeLayoutPW'

14-02-2024T17:08:59 - [TEST_STEP][PASSED] - tap(findTestObject("Object Repository/TC 1 - Login/android.widget.Button - LOGIN"), 0): Tapped on element 'Object Repository/TC 1 - Login/android.widget.Button - LOGIN'

14-02-2024T17:08:59 - [MESSAGE][WARNING] - Timeout '0' is invalid. Using default page load timeout: '30'

14-02-2024T17:09:00 - [MESSAGE][PASSED] - Tapped on element 'Object Repository/TC 1 - Login/android.widget.Button - LOGIN'

14-02-2024T17:09:00 - [TEST_STEP][PASSED] - if (isValid == "true"): null

14-02-2024T17:09:00 - [TEST_STEP][PASSED] - else: Close app successfully

14-02-2024T17:09:00 - [TEST_STEP][PASSED] - verifyElementText(findTestObject("TC 1 - Login/android.widget.TextView - Incorrect user name or password"), "Incorrect user name or password."): Actual text and expected text of test object 'Object Repository/TC 1 - Login/android.widget.TextView - Incorrect user name or password' are matched.

14-02-2024T17:09:03 - [MESSAGE][PASSED] - Actual text and expected text of test object 'Object Repository/TC 1 - Login/android.widget.TextView - Incorrect user name or password' are matched.

14-02-2024T17:09:03 - [TEST_STEP][PASSED] - closeApplication(): Close app successfully

14-02-2024T17:09:04 - [MESSAGE][PASSED] - Close app successfully

14-02-2024T17:09:06 - [TEST_STEP][PASSED] - Video: Video recording for test case 'Test Cases/TC 1 - Login' .

14-02-2024T17:09:06 - [MESSAGE][INFO] - Video recording for test case 'Test Cases/TC 1 - Login' .]]></system-out>
         <system-err><![CDATA[]]></system-err>
      </testcase>
      <testcase name="Test Cases/TC 2 - Add to Cart and Remove" time="60.02" classname="Test Cases/TC 2 - Add to Cart and Remove" status="PASSED">
         <system-out><![CDATA[14-02-2024T17:09:06 - [TEST_CASE][PASSED] - Test Cases/TC 2 - Add to Cart and Remove: Test Cases/TC 2 - Add to Cart and Remove

14-02-2024T17:09:06 - [TEST_STEP][PASSED] - startApplication("C:\Users\skyne\Documents\1. BRI\Bootcampt\Automation\Shop\Advantage+demo+3.2.apk", true): Started app at: 'C:\Users\skyne\Documents\1. BRI\Bootcampt\Automation\Shop\Advantage+demo+3.2.apk'

14-02-2024T17:09:06 - [MESSAGE][INFO] - Detected NodeJS location: "C:\Program Files\nodejs\node.exe"

14-02-2024T17:09:11 - [MESSAGE][INFO] - PATH: C:\Program Files\nodejs;

14-02-2024T17:09:11 - [MESSAGE][INFO] - APPIUM_HOME: C:\Users\skyne\.appium

14-02-2024T17:09:11 - [MESSAGE][INFO] - appium outlog: C:\Users\skyne\git\Katalon-FinalMobile-MuhammadRhayhanAkbar\Reports\20240214_170735\Suites 1\20240214_170735\appium.log

14-02-2024T17:09:11 - [MESSAGE][INFO] - appium errlog: C:\Users\skyne\git\Katalon-FinalMobile-MuhammadRhayhanAkbar\Reports\20240214_170735\Suites 1\20240214_170735\appium_error.log

14-02-2024T17:09:14 - [MESSAGE][INFO] - Appium server started on port 1,177

14-02-2024T17:09:23 - [MESSAGE][PASSED] - Started app at: 'C:\Users\skyne\Documents\1. BRI\Bootcampt\Automation\Shop\Advantage+demo+3.2.apk'

14-02-2024T17:09:23 - [TEST_STEP][PASSED] - tap(findTestObject("Object Repository/TC 1 - Login/android.widget.ImageView"), 0): Tapped on element 'Object Repository/TC 1 - Login/android.widget.ImageView'

14-02-2024T17:09:23 - [MESSAGE][WARNING] - Timeout '0' is invalid. Using default page load timeout: '30'

14-02-2024T17:09:27 - [MESSAGE][PASSED] - Tapped on element 'Object Repository/TC 1 - Login/android.widget.ImageView'

14-02-2024T17:09:27 - [TEST_STEP][PASSED] - tap(findTestObject("Object Repository/TC 1 - Login/android.widget.LinearLayout"), 0): Tapped on element 'Object Repository/TC 1 - Login/android.widget.LinearLayout'

14-02-2024T17:09:27 - [MESSAGE][WARNING] - Timeout '0' is invalid. Using default page load timeout: '30'

14-02-2024T17:09:28 - [MESSAGE][PASSED] - Tapped on element 'Object Repository/TC 1 - Login/android.widget.LinearLayout'

14-02-2024T17:09:28 - [TEST_STEP][PASSED] - setText(findTestObject("TC 1 - Login/android.widget.RelativeLayoutUsername"), "nicehsk", 0): Text 'nicehsk' has been set to element 'Object Repository/TC 1 - Login/android.widget.RelativeLayoutUsername'

14-02-2024T17:09:28 - [MESSAGE][WARNING] - Timeout '0' is invalid. Using default page load timeout: '30'

14-02-2024T17:09:33 - [MESSAGE][PASSED] - Text 'nicehsk' has been set to element 'Object Repository/TC 1 - Login/android.widget.RelativeLayoutUsername'

14-02-2024T17:09:33 - [TEST_STEP][PASSED] - setText(findTestObject("TC 1 - Login/android.widget.RelativeLayoutPW"), "Bumblebee1", 0): Text 'Bumblebee1' has been set to element 'Object Repository/TC 1 - Login/android.widget.RelativeLayoutPW'

14-02-2024T17:09:33 - [MESSAGE][WARNING] - Timeout '0' is invalid. Using default page load timeout: '30'

14-02-2024T17:09:36 - [MESSAGE][PASSED] - Text 'Bumblebee1' has been set to element 'Object Repository/TC 1 - Login/android.widget.RelativeLayoutPW'

14-02-2024T17:09:36 - [TEST_STEP][PASSED] - tap(findTestObject("Object Repository/TC 1 - Login/android.widget.Button - LOGIN"), 0): Tapped on element 'Object Repository/TC 1 - Login/android.widget.Button - LOGIN'

14-02-2024T17:09:36 - [MESSAGE][WARNING] - Timeout '0' is invalid. Using default page load timeout: '30'

14-02-2024T17:09:37 - [MESSAGE][PASSED] - Tapped on element 'Object Repository/TC 1 - Login/android.widget.Button - LOGIN'

14-02-2024T17:09:37 - [TEST_STEP][PASSED] - tap(findTestObject("Object Repository/TC 1 - Login/android.widget.Button - NO"), 0): Tapped on element 'Object Repository/TC 1 - Login/android.widget.Button - NO'

14-02-2024T17:09:37 - [MESSAGE][WARNING] - Timeout '0' is invalid. Using default page load timeout: '30'

14-02-2024T17:09:39 - [MESSAGE][PASSED] - Tapped on element 'Object Repository/TC 1 - Login/android.widget.Button - NO'

14-02-2024T17:09:39 - [TEST_STEP][PASSED] - setText(findTestObject("Object Repository/TC 2 - Cart/android.widget.EditText - Search"), "pavilion", 0): Text 'pavilion' has been set to element 'Object Repository/TC 2 - Cart/android.widget.EditText - Search'

14-02-2024T17:09:40 - [MESSAGE][WARNING] - Timeout '0' is invalid. Using default page load timeout: '30'

14-02-2024T17:09:44 - [MESSAGE][PASSED] - Text 'pavilion' has been set to element 'Object Repository/TC 2 - Cart/android.widget.EditText - Search'

14-02-2024T17:09:44 - [TEST_STEP][PASSED] - tap(findTestObject("Object Repository/TC 2 - Cart/android.widget.ImageView"), 0): Tapped on element 'Object Repository/TC 2 - Cart/android.widget.ImageView'

14-02-2024T17:09:44 - [MESSAGE][WARNING] - Timeout '0' is invalid. Using default page load timeout: '30'

14-02-2024T17:09:47 - [MESSAGE][PASSED] - Tapped on element 'Object Repository/TC 2 - Cart/android.widget.ImageView'

14-02-2024T17:09:47 - [TEST_STEP][PASSED] - tap(findTestObject("Object Repository/TC 2 - Cart/android.widget.RelativeLayout"), 0): Tapped on element 'Object Repository/TC 2 - Cart/android.widget.RelativeLayout'

14-02-2024T17:09:47 - [MESSAGE][WARNING] - Timeout '0' is invalid. Using default page load timeout: '30'

14-02-2024T17:09:50 - [MESSAGE][PASSED] - Tapped on element 'Object Repository/TC 2 - Cart/android.widget.RelativeLayout'

14-02-2024T17:09:50 - [TEST_STEP][PASSED] - tap(findTestObject("Object Repository/TC 2 - Cart/android.widget.LinearLayout"), 0): Tapped on element 'Object Repository/TC 2 - Cart/android.widget.LinearLayout'

14-02-2024T17:09:50 - [MESSAGE][WARNING] - Timeout '0' is invalid. Using default page load timeout: '30'

14-02-2024T17:09:50 - [MESSAGE][PASSED] - Tapped on element 'Object Repository/TC 2 - Cart/android.widget.LinearLayout'

14-02-2024T17:09:50 - [TEST_STEP][PASSED] - tap(findTestObject("Object Repository/TC 2 - Cart/android.widget.ImageView (1)"), 0): Tapped on element 'Object Repository/TC 2 - Cart/android.widget.ImageView (1)'

14-02-2024T17:09:50 - [MESSAGE][WARNING] - Timeout '0' is invalid. Using default page load timeout: '30'

14-02-2024T17:09:52 - [MESSAGE][PASSED] - Tapped on element 'Object Repository/TC 2 - Cart/android.widget.ImageView (1)'

14-02-2024T17:09:52 - [TEST_STEP][PASSED] - tap(findTestObject("Object Repository/TC 2 - Cart/android.widget.ImageView (1)"), 0): Tapped on element 'Object Repository/TC 2 - Cart/android.widget.ImageView (1)'

14-02-2024T17:09:52 - [MESSAGE][WARNING] - Timeout '0' is invalid. Using default page load timeout: '30'

14-02-2024T17:09:53 - [MESSAGE][PASSED] - Tapped on element 'Object Repository/TC 2 - Cart/android.widget.ImageView (1)'

14-02-2024T17:09:53 - [TEST_STEP][PASSED] - tap(findTestObject("Object Repository/TC 2 - Cart/android.widget.TextView - APPLY"), 0): Tapped on element 'Object Repository/TC 2 - Cart/android.widget.TextView - APPLY'

14-02-2024T17:09:53 - [MESSAGE][WARNING] - Timeout '0' is invalid. Using default page load timeout: '30'

14-02-2024T17:09:55 - [MESSAGE][PASSED] - Tapped on element 'Object Repository/TC 2 - Cart/android.widget.TextView - APPLY'

14-02-2024T17:09:55 - [TEST_STEP][PASSED] - tap(findTestObject("Object Repository/TC 2 - Cart/android.widget.Button - ADD TO CART"), 0): Tapped on element 'Object Repository/TC 2 - Cart/android.widget.Button - ADD TO CART'

14-02-2024T17:09:55 - [MESSAGE][WARNING] - Timeout '0' is invalid. Using default page load timeout: '30'

14-02-2024T17:09:57 - [MESSAGE][PASSED] - Tapped on element 'Object Repository/TC 2 - Cart/android.widget.Button - ADD TO CART'

14-02-2024T17:09:57 - [TEST_STEP][PASSED] - tap(findTestObject("Object Repository/TC 2 - Cart/android.widget.ImageView (2)"), 0): Tapped on element 'Object Repository/TC 2 - Cart/android.widget.ImageView (2)'

14-02-2024T17:09:57 - [MESSAGE][WARNING] - Timeout '0' is invalid. Using default page load timeout: '30'

14-02-2024T17:09:59 - [MESSAGE][PASSED] - Tapped on element 'Object Repository/TC 2 - Cart/android.widget.ImageView (2)'

14-02-2024T17:09:59 - [TEST_STEP][PASSED] - tap(findTestObject("Object Repository/TC 2 - Cart/android.widget.TextView - Remove"), 0): Tapped on element 'Object Repository/TC 2 - Cart/android.widget.TextView - Remove'

14-02-2024T17:09:59 - [MESSAGE][WARNING] - Timeout '0' is invalid. Using default page load timeout: '30'

14-02-2024T17:10:00 - [MESSAGE][PASSED] - Tapped on element 'Object Repository/TC 2 - Cart/android.widget.TextView - Remove'

14-02-2024T17:10:00 - [TEST_STEP][PASSED] - verifyElementText(findTestObject("Object Repository/TC 2 - Cart/android.widget.TextView - Shopping Cart (0)"), "Shopping Cart (0) "): Actual text and expected text of test object 'Object Repository/TC 2 - Cart/android.widget.TextView - Shopping Cart (0)' are matched.

14-02-2024T17:10:02 - [MESSAGE][PASSED] - Actual text and expected text of test object 'Object Repository/TC 2 - Cart/android.widget.TextView - Shopping Cart (0)' are matched.

14-02-2024T17:10:02 - [TEST_STEP][PASSED] - closeApplication(): Close app successfully

14-02-2024T17:10:04 - [MESSAGE][PASSED] - Close app successfully

14-02-2024T17:10:06 - [TEST_STEP][PASSED] - Video: Video recording for test case 'Test Cases/TC 2 - Add to Cart and Remove' .

14-02-2024T17:10:06 - [MESSAGE][INFO] - Video recording for test case 'Test Cases/TC 2 - Add to Cart and Remove' .]]></system-out>
         <system-err><![CDATA[]]></system-err>
      </testcase>
      <system-out><![CDATA[14-02-2024T17:07:39 - [TEST_SUITE][PASSED] - Suites 1: Test Cases/TC 2 - Add to Cart and Remove]]></system-out>
      <system-err><![CDATA[]]></system-err>
   </testsuite>
</testsuites>
